Using pre-set license
Built from '2021.3/staging' branch; Version is '2021.3.13f1 (9e7d58001ecf) revision 10386776'; Using compiler version '192829333'; Build Type 'Release'
OS: 'Windows 10  (10.0.19044) 64bit Education' Language: 'pl' Physical Memory: 16251 MB
BatchMode: 1, IsHumanControllingUs: 0, StartBugReporterOnCrash: 0, Is64bit: 1, IsPro: 1

COMMAND LINE ARGUMENTS:
D:\Unity\2021.3.13f1\Editor\Unity.exe
-adb2
-batchMode
-noUpm
-name
AssetImportWorker0
-projectPath
D:/TEST
-logFile
Logs/AssetImportWorker0.log
-srvPort
52679
Successfully changed project path to: D:/TEST
D:/TEST
[UnityMemory] Configuration Parameters - Can be set up in boot.config
    "memorysetup-bucket-allocator-granularity=16"
    "memorysetup-bucket-allocator-bucket-count=8"
    "memorysetup-bucket-allocator-block-size=33554432"
    "memorysetup-bucket-allocator-block-count=8"
    "memorysetup-main-allocator-block-size=16777216"
    "memorysetup-thread-allocator-block-size=16777216"
    "memorysetup-gfx-main-allocator-block-size=16777216"
    "memorysetup-gfx-thread-allocator-block-size=16777216"
    "memorysetup-cache-allocator-block-size=4194304"
    "memorysetup-typetree-allocator-block-size=2097152"
    "memorysetup-profiler-bucket-allocator-granularity=16"
    "memorysetup-profiler-bucket-allocator-bucket-count=8"
    "memorysetup-profiler-bucket-allocator-block-size=33554432"
    "memorysetup-profiler-bucket-allocator-block-count=8"
    "memorysetup-profiler-allocator-block-size=16777216"
    "memorysetup-profiler-editor-allocator-block-size=1048576"
    "memorysetup-temp-allocator-size-main=16777216"
    "memorysetup-job-temp-allocator-block-size=2097152"
    "memorysetup-job-temp-allocator-block-size-background=1048576"
    "memorysetup-job-temp-allocator-reduction-small-platforms=262144"
    "memorysetup-temp-allocator-size-background-worker=32768"
    "memorysetup-temp-allocator-size-job-worker=262144"
    "memorysetup-temp-allocator-size-preload-manager=33554432"
    "memorysetup-temp-allocator-size-nav-mesh-worker=65536"
    "memorysetup-temp-allocator-size-audio-worker=65536"
    "memorysetup-temp-allocator-size-cloud-worker=32768"
    "memorysetup-temp-allocator-size-gi-baking-worker=262144"
    "memorysetup-temp-allocator-size-gfx=262144"
Refreshing native plugins compatible for Editor in 105.08 ms, found 4 plugins.
Preloading 0 native plugins for Editor in 0.00 ms.
Initialize engine version: 2021.3.13f1 (9e7d58001ecf)
[Subsystems] Discovering subsystems at path D:/Unity/2021.3.13f1/Editor/Data/Resources/UnitySubsystems
[Subsystems] Discovering subsystems at path D:/TEST/Assets
GfxDevice: creating device client; threaded=0; jobified=0
Direct3D:
    Version:  Direct3D 11.0 [level 11.1]
    Renderer: NVIDIA GeForce RTX 2060 (ID=0x1f08)
    Vendor:   NVIDIA
    VRAM:     5968 MB
    Driver:   31.0.15.2802
Initialize mono
Mono path[0] = 'D:/Unity/2021.3.13f1/Editor/Data/Managed'
Mono path[1] = 'D:/Unity/2021.3.13f1/Editor/Data/MonoBleedingEdge/lib/mono/unityjit-win32'
Mono config path = 'D:/Unity/2021.3.13f1/Editor/Data/MonoBleedingEdge/etc'
Using monoOptions --debugger-agent=transport=dt_socket,embedding=1,server=y,suspend=n,address=127.0.0.1:56780
Begin MonoManager ReloadAssembly
Registering precompiled unity dll's ...
Register platform support module: D:/Unity/2021.3.13f1/Editor/Data/PlaybackEngines/WebGLSupport/UnityEditor.WebGL.Extensions.dll
Register platform support module: D:/Unity/2021.3.13f1/Editor/Data/PlaybackEngines/WindowsStandaloneSupport/UnityEditor.WindowsStandalone.Extensions.dll
Registered in 0.001978 seconds.
Native extension for WindowsStandalone target not found
Native extension for WebGL target not found
Refreshing native plugins compatible for Editor in 104.50 ms, found 4 plugins.
Preloading 0 native plugins for Editor in 0.00 ms.
Mono: successfully reloaded assembly
- Completed reload, in  0.527 seconds
Domain Reload Profiling:
	ReloadAssembly (527ms)
		BeginReloadAssembly (62ms)
			ExecutionOrderSort (0ms)
			DisableScriptedObjects (0ms)
			BackupInstance (0ms)
			ReleaseScriptingObjects (0ms)
			CreateAndSetChildDomain (1ms)
		EndReloadAssembly (390ms)
			LoadAssemblies (62ms)
			RebuildTransferFunctionScriptingTraits (0ms)
			SetupTypeCache (79ms)
			ReleaseScriptCaches (0ms)
			RebuildScriptCaches (21ms)
			SetupLoadedEditorAssemblies (250ms)
				LogAssemblyErrors (0ms)
				InitializePlatformSupportModulesInManaged (6ms)
				SetLoadedEditorAssemblies (0ms)
				RefreshPlugins (105ms)
				BeforeProcessingInitializeOnLoad (1ms)
				ProcessInitializeOnLoadAttributes (106ms)
				ProcessInitializeOnLoadMethodAttributes (33ms)
				AfterProcessingInitializeOnLoad (0ms)
				EditorAssembliesLoaded (0ms)
			ExecutionOrderSort2 (0ms)
			AwakeInstancesAfterBackupRestoration (0ms)
Platform modules already initialized, skipping
Registering precompiled user dll's ...
Registered in 0.004856 seconds.
Begin MonoManager ReloadAssembly
Symbol file LoadedFromMemory doesn't match image D:\TEST\Library\PackageCache\com.unity.visualscripting@1.7.8\Editor\VisualScripting.Core\Dependencies\YamlDotNet\Unity.VisualScripting.YamlDotNet.dll
Symbol file LoadedFromMemory doesn't match image D:\TEST\Library\PackageCache\com.unity.visualscripting@1.7.8\Editor\VisualScripting.Core\Dependencies\DotNetZip\Unity.VisualScripting.IonicZip.dll
Native extension for WindowsStandalone target not found
Native extension for WebGL target not found
Refreshing native plugins compatible for Editor in 102.85 ms, found 4 plugins.
Preloading 0 native plugins for Editor in 0.00 ms.
Mono: successfully reloaded assembly
- Completed reload, in  1.083 seconds
Domain Reload Profiling:
	ReloadAssembly (1083ms)
		BeginReloadAssembly (91ms)
			ExecutionOrderSort (0ms)
			DisableScriptedObjects (4ms)
			BackupInstance (0ms)
			ReleaseScriptingObjects (0ms)
			CreateAndSetChildDomain (14ms)
		EndReloadAssembly (905ms)
			LoadAssemblies (84ms)
			RebuildTransferFunctionScriptingTraits (0ms)
			SetupTypeCache (221ms)
			ReleaseScriptCaches (1ms)
			RebuildScriptCaches (54ms)
			SetupLoadedEditorAssemblies (522ms)
				LogAssemblyErrors (0ms)
				InitializePlatformSupportModulesInManaged (3ms)
				SetLoadedEditorAssemblies (0ms)
				RefreshPlugins (103ms)
				BeforeProcessingInitializeOnLoad (87ms)
				ProcessInitializeOnLoadAttributes (254ms)
				ProcessInitializeOnLoadMethodAttributes (72ms)
				AfterProcessingInitializeOnLoad (2ms)
				EditorAssembliesLoaded (0ms)
			ExecutionOrderSort2 (0ms)
			AwakeInstancesAfterBackupRestoration (4ms)
Platform modules already initialized, skipping
========================================================================
Worker process is ready to serve import requests
Launched and connected shader compiler UnityShaderCompiler.exe after 0.05 seconds
Refreshing native plugins compatible for Editor in 0.90 ms, found 4 plugins.
Preloading 0 native plugins for Editor in 0.00 ms.
Unloading 5871 Unused Serialized files (Serialized files now loaded: 0)
Unloading 61 unused Assets / (1.3 MB). Loaded Objects now: 6309.
Memory consumption went from 234.5 MB to 233.3 MB.
Total: 3.494400 ms (FindLiveObjects: 0.344100 ms CreateObjectMapping: 0.200500 ms MarkObjects: 2.554400 ms  DeleteObjects: 0.394700 ms)

AssetImportParameters requested are different than current active one (requested -> active):
  custom:video-decoder-ogg-theora: a1e56fd34408186e4bbccfd4996cb3dc -> 
  custom:container-muxer-webm: aa71ff27fc2769a1b78a27578f13a17b -> 
  custom:container-demuxer-webm: 4f35f7cbe854078d1ac9338744f61a02 -> 
  custom:video-encoder-webm-vp8: eb34c28f22e8b96e1ab97ce403110664 -> 
  custom:audio-encoder-webm-vorbis: bf7c407c2cedff20999df2af8eb42d56 -> 
  custom:framework-win-MediaFoundation: 216162199b28c13a410421893ffa2e32 -> 
  custom:container-demuxer-ogg: 62fdf1f143b41e24485cea50d1cbac27 -> 
  custom:video-decoder-webm-vp8: 9c59270c3fd7afecdb556c50c9e8de78 -> 
  custom:audio-decoder-ogg-vorbis: bf7c407c2cedff20999df2af8eb42d56 -> 
========================================================================
Received Import Request.
  Time since last request: 3839.560231 seconds.
  path: Assets/CampFire.controller
  artifactKey: Guid(fcd7050271ebdf1428699161a9634ba8) Importer(815301076,1909f56bfc062723c751e8b465ee728b)
Start importing Assets/CampFire.controller using Guid(fcd7050271ebdf1428699161a9634ba8) Importer(815301076,1909f56bfc062723c751e8b465ee728b)  -> (artifact id: '2b7f0514cd5386c132fc15fb9faea3be') in 0.028695 seconds 
========================================================================
Received Import Request.
  Time since last request: 3.814732 seconds.
  path: Assets/Animations
  artifactKey: Guid(dd22af52ec46b27448ebc6647efe14a6) Importer(815301076,1909f56bfc062723c751e8b465ee728b)
Start importing Assets/Animations using Guid(dd22af52ec46b27448ebc6647efe14a6) Importer(815301076,1909f56bfc062723c751e8b465ee728b)  -> (artifact id: 'aafe50171ad98a2b5a7b02e853424c1a') in 0.019454 seconds 
========================================================================
Received Import Request.
  Time since last request: 0.001998 seconds.
  path: Assets/Animations/PlayerInput.inputactions
  artifactKey: Guid(3d260b9cd1c5ba24cb35481e8800adbe) Importer(815301076,1909f56bfc062723c751e8b465ee728b)
Start importing Assets/Animations/PlayerInput.inputactions using Guid(3d260b9cd1c5ba24cb35481e8800adbe) Importer(815301076,1909f56bfc062723c751e8b465ee728b)  -> (artifact id: '7e2f39d7803f6e671b54d038867eb5bf') in 0.034296 seconds 
========================================================================
Received Import Request.
  Time since last request: 1386.050277 seconds.
  path: Assets/Fantasy Wooden GUI  Free
  artifactKey: Guid(88a5030cb3ab9e74a849a0719d23807b) Importer(815301076,1909f56bfc062723c751e8b465ee728b)
Start importing Assets/Fantasy Wooden GUI  Free using Guid(88a5030cb3ab9e74a849a0719d23807b) Importer(815301076,1909f56bfc062723c751e8b465ee728b)  -> (artifact id: '272c19d7f54ad478d21777e89070463f') in 0.001958 seconds 
========================================================================
Received Import Request.
  Time since last request: 42.984505 seconds.
  path: Assets/Fantasy Wooden GUI  Free/Scene
  artifactKey: Guid(1d4ddc8cb3190b749bc2878cae95700e) Importer(815301076,1909f56bfc062723c751e8b465ee728b)
Start importing Assets/Fantasy Wooden GUI  Free/Scene using Guid(1d4ddc8cb3190b749bc2878cae95700e) Importer(815301076,1909f56bfc062723c751e8b465ee728b)  -> (artifact id: 'cbc21309c03ff1308db874c389951845') in 0.002430 seconds 
========================================================================
Received Import Request.
  Time since last request: 4.201908 seconds.
  path: Assets/Fantasy Wooden GUI  Free/normal_ui_set A
  artifactKey: Guid(fb0793ba43ead8c4a89d62e19ce3e04e) Importer(815301076,1909f56bfc062723c751e8b465ee728b)
Start importing Assets/Fantasy Wooden GUI  Free/normal_ui_set A using Guid(fb0793ba43ead8c4a89d62e19ce3e04e) Importer(815301076,1909f56bfc062723c751e8b465ee728b)  -> (artifact id: 'b524c97d082d39d69040c1ad085ac59a') in 0.002083 seconds 
========================================================================
Received Import Request.
  Time since last request: 0.047835 seconds.
  path: Assets/Fantasy Wooden GUI  Free/normal_ui_set A/1_normal_ui_set free.psd
  artifactKey: Guid(1ab331a196bae1046b7a75ed7e3f6b46) Importer(815301076,1909f56bfc062723c751e8b465ee728b)
Start importing Assets/Fantasy Wooden GUI  Free/normal_ui_set A/1_normal_ui_set free.psd using Guid(1ab331a196bae1046b7a75ed7e3f6b46) Importer(815301076,1909f56bfc062723c751e8b465ee728b)  -> (artifact id: '61a1c96d6b656118c8da3f6e3e574ac5') in 0.332327 seconds 
========================================================================
Received Import Request.
  Time since last request: 0.000020 seconds.
  path: Assets/Fantasy Wooden GUI  Free/normal_ui_set A/TextBTN_Big.png
  artifactKey: Guid(2be7b70e984b51444aca9c12ae4723a7) Importer(815301076,1909f56bfc062723c751e8b465ee728b)
Start importing Assets/Fantasy Wooden GUI  Free/normal_ui_set A/TextBTN_Big.png using Guid(2be7b70e984b51444aca9c12ae4723a7) Importer(815301076,1909f56bfc062723c751e8b465ee728b)  -> (artifact id: 'b22e851135b8db2c677f1ed357f94979') in 0.019422 seconds 
========================================================================
Received Import Request.
  Time since last request: 0.000029 seconds.
  path: Assets/Fantasy Wooden GUI  Free/normal_ui_set A/UI board Small Set.png
  artifactKey: Guid(8eb69fafe4f719b49bb2dd1a7358aaaa) Importer(815301076,1909f56bfc062723c751e8b465ee728b)
Start importing Assets/Fantasy Wooden GUI  Free/normal_ui_set A/UI board Small Set.png using Guid(8eb69fafe4f719b49bb2dd1a7358aaaa) Importer(815301076,1909f56bfc062723c751e8b465ee728b)  -> (artifact id: '7507bfa20212d43bcae19cc69198ced6') in 0.020871 seconds 
========================================================================
Received Import Request.
  Time since last request: 0.000021 seconds.
  path: Assets/Fantasy Wooden GUI  Free/normal_ui_set A/UI board Large stone.png
  artifactKey: Guid(7066e0747291df44fa5c2bf93bee3a6e) Importer(815301076,1909f56bfc062723c751e8b465ee728b)
Start importing Assets/Fantasy Wooden GUI  Free/normal_ui_set A/UI board Large stone.png using Guid(7066e0747291df44fa5c2bf93bee3a6e) Importer(815301076,1909f56bfc062723c751e8b465ee728b)  -> (artifact id: 'b7c9eadd66efee09c5a8c6bc70acc950') in 0.058009 seconds 
========================================================================
Received Import Request.
  Time since last request: 0.000027 seconds.
  path: Assets/Fantasy Wooden GUI  Free/normal_ui_set A/TextBTN_Cancel_Pressed.png
  artifactKey: Guid(9494e936ef153d148aaddfa6db5fb773) Importer(815301076,1909f56bfc062723c751e8b465ee728b)
Start importing Assets/Fantasy Wooden GUI  Free/normal_ui_set A/TextBTN_Cancel_Pressed.png using Guid(9494e936ef153d148aaddfa6db5fb773) Importer(815301076,1909f56bfc062723c751e8b465ee728b)  -> (artifact id: 'f9fd0c8ed6086948ca68565771f989db') in 0.036938 seconds 
========================================================================
Received Import Request.
  Time since last request: 0.000024 seconds.
  path: Assets/Fantasy Wooden GUI  Free/normal_ui_set A/Close Button.png
  artifactKey: Guid(11277a3f23988ec47908362d708edaa8) Importer(815301076,1909f56bfc062723c751e8b465ee728b)
Start importing Assets/Fantasy Wooden GUI  Free/normal_ui_set A/Close Button.png using Guid(11277a3f23988ec47908362d708edaa8) Importer(815301076,1909f56bfc062723c751e8b465ee728b)  -> (artifact id: 'bafc81384d848293ccd6209a4d544126') in 0.028989 seconds 
========================================================================
Received Import Request.
  Time since last request: 0.000024 seconds.
  path: Assets/Fantasy Wooden GUI  Free/normal_ui_set A/IRONY TITLE  empty.png
  artifactKey: Guid(4d6a99baee23b654f9e4bb672ae0b438) Importer(815301076,1909f56bfc062723c751e8b465ee728b)
Start importing Assets/Fantasy Wooden GUI  Free/normal_ui_set A/IRONY TITLE  empty.png using Guid(4d6a99baee23b654f9e4bb672ae0b438) Importer(815301076,1909f56bfc062723c751e8b465ee728b)  -> (artifact id: '6730d779ff41457c0dd0ebc2c8143edb') in 0.021460 seconds 
========================================================================
Received Import Request.
  Time since last request: 0.000031 seconds.
  path: Assets/Fantasy Wooden GUI  Free/normal_ui_set A/UI board Medium Set.png
  artifactKey: Guid(1a5d8785d80a4ee42a2a4c8632436dc0) Importer(815301076,1909f56bfc062723c751e8b465ee728b)
Start importing Assets/Fantasy Wooden GUI  Free/normal_ui_set A/UI board Medium Set.png using Guid(1a5d8785d80a4ee42a2a4c8632436dc0) Importer(815301076,1909f56bfc062723c751e8b465ee728b)  -> (artifact id: '676f556917c4044a3779b5c34654f2ef') in 0.031323 seconds 
========================================================================
Received Import Request.
  Time since last request: 0.000025 seconds.
  path: Assets/Fantasy Wooden GUI  Free/normal_ui_set A/1_normal_ui_set-free.png
  artifactKey: Guid(f3e42cb7317f6f14186e2c2267014de2) Importer(815301076,1909f56bfc062723c751e8b465ee728b)
Start importing Assets/Fantasy Wooden GUI  Free/normal_ui_set A/1_normal_ui_set-free.png using Guid(f3e42cb7317f6f14186e2c2267014de2) Importer(815301076,1909f56bfc062723c751e8b465ee728b)  -> (artifact id: 'd9ea8e7812a07c6f4ed66ac51ac2f565') in 0.157364 seconds 
========================================================================
Received Import Request.
  Time since last request: 0.000022 seconds.
  path: Assets/Fantasy Wooden GUI  Free/normal_ui_set A/notice.png
  artifactKey: Guid(86adaa715d8969e48975ca3343ddaedd) Importer(815301076,1909f56bfc062723c751e8b465ee728b)
Start importing Assets/Fantasy Wooden GUI  Free/normal_ui_set A/notice.png using Guid(86adaa715d8969e48975ca3343ddaedd) Importer(815301076,1909f56bfc062723c751e8b465ee728b)  -> (artifact id: '8575521d3de47b12bd0d7895e83c65d4') in 0.011165 seconds 
========================================================================
Received Import Request.
  Time since last request: 0.000021 seconds.
  path: Assets/Fantasy Wooden GUI  Free/normal_ui_set A/Exclamation_Yellow.png
  artifactKey: Guid(f26fa8880b3aeef4b8516c82dc12f2a5) Importer(815301076,1909f56bfc062723c751e8b465ee728b)
Start importing Assets/Fantasy Wooden GUI  Free/normal_ui_set A/Exclamation_Yellow.png using Guid(f26fa8880b3aeef4b8516c82dc12f2a5) Importer(815301076,1909f56bfc062723c751e8b465ee728b)  -> (artifact id: 'd9c64f3e0b54afdd8457d4d15cd30df6') in 0.010767 seconds 
========================================================================
Received Import Request.
  Time since last request: 0.000023 seconds.
  path: Assets/Fantasy Wooden GUI  Free/normal_ui_set A/Exclamation_Red.png
  artifactKey: Guid(e9d4143c19529834981ac6821a04aecd) Importer(815301076,1909f56bfc062723c751e8b465ee728b)
Start importing Assets/Fantasy Wooden GUI  Free/normal_ui_set A/Exclamation_Red.png using Guid(e9d4143c19529834981ac6821a04aecd) Importer(815301076,1909f56bfc062723c751e8b465ee728b)  -> (artifact id: '137395236dc8e83d97ef667ba973a6d7') in 0.013555 seconds 
========================================================================
Received Import Request.
  Time since last request: 0.000025 seconds.
  path: Assets/Fantasy Wooden GUI  Free/normal_ui_set A/TextBTN_Medium_Pressed.png
  artifactKey: Guid(047b929beb10565479851d39b452dfb6) Importer(815301076,1909f56bfc062723c751e8b465ee728b)
Start importing Assets/Fantasy Wooden GUI  Free/normal_ui_set A/TextBTN_Medium_Pressed.png using Guid(047b929beb10565479851d39b452dfb6) Importer(815301076,1909f56bfc062723c751e8b465ee728b)  -> (artifact id: '931de6b4396de10756bb166ebaf2fb7c') in 0.014740 seconds 
========================================================================
Received Import Request.
  Time since last request: 0.000025 seconds.
  path: Assets/Fantasy Wooden GUI  Free/normal_ui_set A/TextBTN_New-Start.png
  artifactKey: Guid(ca45d178d188e034aa96a68aceeef41b) Importer(815301076,1909f56bfc062723c751e8b465ee728b)
Start importing Assets/Fantasy Wooden GUI  Free/normal_ui_set A/TextBTN_New-Start.png using Guid(ca45d178d188e034aa96a68aceeef41b) Importer(815301076,1909f56bfc062723c751e8b465ee728b)  -> (artifact id: 'bd22f2384c67ae2da0ff4cb1125e7796') in 0.009751 seconds 
========================================================================
Received Import Request.
  Time since last request: 0.000043 seconds.
  path: Assets/Fantasy Wooden GUI  Free/normal_ui_set A/TextBTN_Cancel.png
  artifactKey: Guid(480144379cc9c7d47a8e19f58b0e6ee3) Importer(815301076,1909f56bfc062723c751e8b465ee728b)
Start importing Assets/Fantasy Wooden GUI  Free/normal_ui_set A/TextBTN_Cancel.png using Guid(480144379cc9c7d47a8e19f58b0e6ee3) Importer(815301076,1909f56bfc062723c751e8b465ee728b)  -> (artifact id: 'a06356bda40679169534ab85fe59f692') in 0.012035 seconds 
========================================================================
Received Import Request.
  Time since last request: 0.000018 seconds.
  path: Assets/Fantasy Wooden GUI  Free/normal_ui_set A/Exclamation_Gray.png
  artifactKey: Guid(f73f68fe6815f5548a6c2a61b9e49add) Importer(815301076,1909f56bfc062723c751e8b465ee728b)
Start importing Assets/Fantasy Wooden GUI  Free/normal_ui_set A/Exclamation_Gray.png using Guid(f73f68fe6815f5548a6c2a61b9e49add) Importer(815301076,1909f56bfc062723c751e8b465ee728b)  -> (artifact id: 'f19c42178ec06e51e65ac91cf825b0d7') in 0.009559 seconds 
========================================================================
Received Import Request.
  Time since last request: 0.000020 seconds.
  path: Assets/Fantasy Wooden GUI  Free/normal_ui_set A/UI board Medium  parchment.png
  artifactKey: Guid(cf1462bc694c3c249831ad8ac5293aa2) Importer(815301076,1909f56bfc062723c751e8b465ee728b)
Start importing Assets/Fantasy Wooden GUI  Free/normal_ui_set A/UI board Medium  parchment.png using Guid(cf1462bc694c3c249831ad8ac5293aa2) Importer(815301076,1909f56bfc062723c751e8b465ee728b)  -> (artifact id: 'c94167eda5d73608557453c897b4b98d') in 0.024433 seconds 
========================================================================
Received Import Request.
  Time since last request: 0.000039 seconds.
  path: Assets/Fantasy Wooden GUI  Free/normal_ui_set A/UI board Small  parchment.png
  artifactKey: Guid(a454050719005b444b59a84eaafba779) Importer(815301076,1909f56bfc062723c751e8b465ee728b)
Start importing Assets/Fantasy Wooden GUI  Free/normal_ui_set A/UI board Small  parchment.png using Guid(a454050719005b444b59a84eaafba779) Importer(815301076,1909f56bfc062723c751e8b465ee728b)  -> (artifact id: '029dd08d4bf0964a0889e87cf9db9f51') in 0.018181 seconds 
========================================================================
Received Import Request.
  Time since last request: 0.000019 seconds.
  path: Assets/Fantasy Wooden GUI  Free/normal_ui_set A/TextBTN_Big_Pressed.png
  artifactKey: Guid(d6a1673a31851fd4395c287261da36e4) Importer(815301076,1909f56bfc062723c751e8b465ee728b)
Start importing Assets/Fantasy Wooden GUI  Free/normal_ui_set A/TextBTN_Big_Pressed.png using Guid(d6a1673a31851fd4395c287261da36e4) Importer(815301076,1909f56bfc062723c751e8b465ee728b)  -> (artifact id: 'f058603ca4fa30e3e34fbd3da980f2c0') in 0.009345 seconds 
========================================================================
Received Import Request.
  Time since last request: 0.000024 seconds.
  path: Assets/Fantasy Wooden GUI  Free/normal_ui_set A/Division line.png
  artifactKey: Guid(b7d245916891cca47a0144e12a82e086) Importer(815301076,1909f56bfc062723c751e8b465ee728b)
Start importing Assets/Fantasy Wooden GUI  Free/normal_ui_set A/Division line.png using Guid(b7d245916891cca47a0144e12a82e086) Importer(815301076,1909f56bfc062723c751e8b465ee728b)  -> (artifact id: 'f016b5c05945b550e7b501a983b1a8e0') in 0.010226 seconds 
========================================================================
Received Import Request.
  Time since last request: 0.000021 seconds.
  path: Assets/Fantasy Wooden GUI  Free/normal_ui_set A/UI board Large  parchment.png
  artifactKey: Guid(43a7d98bd4222b64e933596512dc09ad) Importer(815301076,1909f56bfc062723c751e8b465ee728b)
Start importing Assets/Fantasy Wooden GUI  Free/normal_ui_set A/UI board Large  parchment.png using Guid(43a7d98bd4222b64e933596512dc09ad) Importer(815301076,1909f56bfc062723c751e8b465ee728b)  -> (artifact id: 'f6dd7da3b0ddf7dd48a1481ce568f871') in 0.030264 seconds 
========================================================================
Received Import Request.
  Time since last request: 0.000018 seconds.
  path: Assets/Fantasy Wooden GUI  Free/normal_ui_set A/UI board Medium stone.png
  artifactKey: Guid(9a6560e5bacb40847bb1b879ede354fb) Importer(815301076,1909f56bfc062723c751e8b465ee728b)
Start importing Assets/Fantasy Wooden GUI  Free/normal_ui_set A/UI board Medium stone.png using Guid(9a6560e5bacb40847bb1b879ede354fb) Importer(815301076,1909f56bfc062723c751e8b465ee728b)  -> (artifact id: 'bb47ef2ed3e84b7dff47d44fc80c1033') in 0.033726 seconds 
========================================================================
Received Import Request.
  Time since last request: 0.000018 seconds.
  path: Assets/Fantasy Wooden GUI  Free/normal_ui_set A/IRONY TITLE  Large.png
  artifactKey: Guid(054411784c3fdf74d9db120b4a792a71) Importer(815301076,1909f56bfc062723c751e8b465ee728b)
Start importing Assets/Fantasy Wooden GUI  Free/normal_ui_set A/IRONY TITLE  Large.png using Guid(054411784c3fdf74d9db120b4a792a71) Importer(815301076,1909f56bfc062723c751e8b465ee728b)  -> (artifact id: '8c1d68e7b91a11f76b19c834da00b6fd') in 0.014366 seconds 
========================================================================
Received Import Request.
  Time since last request: 0.000027 seconds.
  path: Assets/Fantasy Wooden GUI  Free/normal_ui_set A/TextBTN_New-Start_Pressed.png
  artifactKey: Guid(2e5f47e2f71128f4282c0a4a67288751) Importer(815301076,1909f56bfc062723c751e8b465ee728b)
Start importing Assets/Fantasy Wooden GUI  Free/normal_ui_set A/TextBTN_New-Start_Pressed.png using Guid(2e5f47e2f71128f4282c0a4a67288751) Importer(815301076,1909f56bfc062723c751e8b465ee728b)  -> (artifact id: 'cd19a38d52ee9f89c1b4c3d3330d0c40') in 0.010577 seconds 
========================================================================
Received Import Request.
  Time since last request: 0.000019 seconds.
  path: Assets/Fantasy Wooden GUI  Free/normal_ui_set A/UI board Large Set.png
  artifactKey: Guid(90a2dde0942123c4ebb9c4af580c5818) Importer(815301076,1909f56bfc062723c751e8b465ee728b)
Start importing Assets/Fantasy Wooden GUI  Free/normal_ui_set A/UI board Large Set.png using Guid(90a2dde0942123c4ebb9c4af580c5818) Importer(815301076,1909f56bfc062723c751e8b465ee728b)  -> (artifact id: '5d34af039fdc6d235faa0627e53729dc') in 0.031311 seconds 
========================================================================
Received Import Request.
  Time since last request: 0.000031 seconds.
  path: Assets/Fantasy Wooden GUI  Free/normal_ui_set A/TextBTN_Medium.png
  artifactKey: Guid(efee20b64d1e73942a29ba61ce3379c3) Importer(815301076,1909f56bfc062723c751e8b465ee728b)
Start importing Assets/Fantasy Wooden GUI  Free/normal_ui_set A/TextBTN_Medium.png using Guid(efee20b64d1e73942a29ba61ce3379c3) Importer(815301076,1909f56bfc062723c751e8b465ee728b)  -> (artifact id: 'b77349c3af925bab4afa86d1ba5111dd') in 0.015385 seconds 
========================================================================
Received Import Request.
  Time since last request: 0.000024 seconds.
  path: Assets/Fantasy Wooden GUI  Free/normal_ui_set A/UI board Small  stone.png
  artifactKey: Guid(8dd861a6e819de241bca68a36048a6bd) Importer(815301076,1909f56bfc062723c751e8b465ee728b)
Start importing Assets/Fantasy Wooden GUI  Free/normal_ui_set A/UI board Small  stone.png using Guid(8dd861a6e819de241bca68a36048a6bd) Importer(815301076,1909f56bfc062723c751e8b465ee728b)  -> (artifact id: 'cc12f78cf1b9017fca48aced00206a35') in 0.024530 seconds 
========================================================================
Received Prepare
Registering precompiled user dll's ...
Registered in 0.005034 seconds.
Begin MonoManager ReloadAssembly
Symbol file LoadedFromMemory doesn't match image D:\TEST\Library\PackageCache\com.unity.visualscripting@1.7.8\Editor\VisualScripting.Core\Dependencies\YamlDotNet\Unity.VisualScripting.YamlDotNet.dll
Symbol file LoadedFromMemory doesn't match image D:\TEST\Library\PackageCache\com.unity.visualscripting@1.7.8\Editor\VisualScripting.Core\Dependencies\DotNetZip\Unity.VisualScripting.IonicZip.dll
Native extension for WindowsStandalone target not found
Native extension for WebGL target not found
Refreshing native plugins compatible for Editor in 1.09 ms, found 4 plugins.
Preloading 0 native plugins for Editor in 0.00 ms.
Mono: successfully reloaded assembly
- Completed reload, in  1.083 seconds
Domain Reload Profiling:
	ReloadAssembly (1084ms)
		BeginReloadAssembly (131ms)
			ExecutionOrderSort (0ms)
			DisableScriptedObjects (7ms)
			BackupInstance (0ms)
			ReleaseScriptingObjects (0ms)
			CreateAndSetChildDomain (41ms)
		EndReloadAssembly (874ms)
			LoadAssemblies (94ms)
			RebuildTransferFunctionScriptingTraits (0ms)
			SetupTypeCache (261ms)
			ReleaseScriptCaches (2ms)
			RebuildScriptCaches (54ms)
			SetupLoadedEditorAssemblies (424ms)
				LogAssemblyErrors (0ms)
				InitializePlatformSupportModulesInManaged (11ms)
				SetLoadedEditorAssemblies (0ms)
				RefreshPlugins (1ms)
				BeforeProcessingInitializeOnLoad (77ms)
				ProcessInitializeOnLoadAttributes (250ms)
				ProcessInitializeOnLoadMethodAttributes (81ms)
				AfterProcessingInitializeOnLoad (2ms)
				EditorAssembliesLoaded (0ms)
			ExecutionOrderSort2 (0ms)
			AwakeInstancesAfterBackupRestoration (8ms)
Platform modules already initialized, skipping
Refreshing native plugins compatible for Editor in 3.70 ms, found 4 plugins.
Preloading 0 native plugins for Editor in 0.00 ms.
Unloading 5741 Unused Serialized files (Serialized files now loaded: 0)
Unloading 46 unused Assets / (1.2 MB). Loaded Objects now: 6359.
Memory consumption went from 230.4 MB to 229.2 MB.
Total: 5.102300 ms (FindLiveObjects: 0.486400 ms CreateObjectMapping: 0.457800 ms MarkObjects: 3.487600 ms  DeleteObjects: 0.669300 ms)

AssetImportParameters requested are different than current active one (requested -> active):
  custom:video-decoder-ogg-theora: a1e56fd34408186e4bbccfd4996cb3dc -> 
  custom:container-muxer-webm: aa71ff27fc2769a1b78a27578f13a17b -> 
  custom:container-demuxer-webm: 4f35f7cbe854078d1ac9338744f61a02 -> 
  custom:video-encoder-webm-vp8: eb34c28f22e8b96e1ab97ce403110664 -> 
  custom:audio-encoder-webm-vorbis: bf7c407c2cedff20999df2af8eb42d56 -> 
  custom:framework-win-MediaFoundation: 216162199b28c13a410421893ffa2e32 -> 
  custom:container-demuxer-ogg: 62fdf1f143b41e24485cea50d1cbac27 -> 
  custom:video-decoder-webm-vp8: 9c59270c3fd7afecdb556c50c9e8de78 -> 
  custom:audio-decoder-ogg-vorbis: bf7c407c2cedff20999df2af8eb42d56 -> 
========================================================================
Received Import Request.
  Time since last request: 137.863569 seconds.
  path: Assets/Scenes/StartMap.unity
  artifactKey: Guid(81a26d18f2c64b547b3753942390cdf1) Importer(815301076,1909f56bfc062723c751e8b465ee728b)
Start importing Assets/Scenes/StartMap.unity using Guid(81a26d18f2c64b547b3753942390cdf1) Importer(815301076,1909f56bfc062723c751e8b465ee728b)  -> (artifact id: '3eec6815a538048f3eec3db370b31f7c') in 0.011286 seconds 
========================================================================
Received Import Request.
  Time since last request: 332.424508 seconds.
  path: Assets/Scenes/Forest 1.unity
  artifactKey: Guid(5f02250f9002b9a42a2b7eb20d1d6f31) Importer(815301076,1909f56bfc062723c751e8b465ee728b)
Start importing Assets/Scenes/Forest 1.unity using Guid(5f02250f9002b9a42a2b7eb20d1d6f31) Importer(815301076,1909f56bfc062723c751e8b465ee728b)  -> (artifact id: '079c94598d1b93806747a9c81cad0f6f') in 0.005415 seconds 
========================================================================
Received Import Request.
  Time since last request: 210.157766 seconds.
  path: Assets/Scenes/StartMap.unity
  artifactKey: Guid(81a26d18f2c64b547b3753942390cdf1) Importer(815301076,1909f56bfc062723c751e8b465ee728b)
Start importing Assets/Scenes/StartMap.unity using Guid(81a26d18f2c64b547b3753942390cdf1) Importer(815301076,1909f56bfc062723c751e8b465ee728b)  -> (artifact id: '37da772d803ec9c11c27738e78602f3a') in 0.001738 seconds 
========================================================================
Received Import Request.
  Time since last request: 1568.549784 seconds.
  path: Assets/Fantasy Wooden GUI  Free/Scene
  artifactKey: Guid(1d4ddc8cb3190b749bc2878cae95700e) Importer(815301076,1909f56bfc062723c751e8b465ee728b)
Start importing Assets/Fantasy Wooden GUI  Free/Scene using Guid(1d4ddc8cb3190b749bc2878cae95700e) Importer(815301076,1909f56bfc062723c751e8b465ee728b)  -> (artifact id: 'fddbff0870c0bc0abcfd70e71af4bea0') in 0.001945 seconds 
========================================================================
Received Import Request.
  Time since last request: 31.581933 seconds.
  path: Assets/TileMap/dark_forest-removebg-preview_0.asset
  artifactKey: Guid(7818430916c3f004297646cadb32ad4a) Importer(815301076,1909f56bfc062723c751e8b465ee728b)
Start importing Assets/TileMap/dark_forest-removebg-preview_0.asset using Guid(7818430916c3f004297646cadb32ad4a) Importer(815301076,1909f56bfc062723c751e8b465ee728b)  -> (artifact id: 'bd1e89558149a4a95e4ac76c3d453013') in 0.062823 seconds 
========================================================================
Received Import Request.
  Time since last request: 0.000041 seconds.
  path: Assets/TileMap/dark_forest-removebg-preview_18.asset
  artifactKey: Guid(d64656f554063bd48a07e59e06a5a0c6) Importer(815301076,1909f56bfc062723c751e8b465ee728b)
Start importing Assets/TileMap/dark_forest-removebg-preview_18.asset using Guid(d64656f554063bd48a07e59e06a5a0c6) Importer(815301076,1909f56bfc062723c751e8b465ee728b)  -> (artifact id: '8b2ec23776eb78f962c4979a3a572436') in 0.005567 seconds 
========================================================================
Received Import Request.
  Time since last request: 0.000023 seconds.
  path: Assets/TileMap/dark_forest-removebg-preview_2.asset
  artifactKey: Guid(9225e3a17ea107c4482dc4957f65e5f2) Importer(815301076,1909f56bfc062723c751e8b465ee728b)
Start importing Assets/TileMap/dark_forest-removebg-preview_2.asset using Guid(9225e3a17ea107c4482dc4957f65e5f2) Importer(815301076,1909f56bfc062723c751e8b465ee728b)  -> (artifact id: '77d1e59b34dfedcf08a7223e9f42bf50') in 0.005646 seconds 
========================================================================
Received Import Request.
  Time since last request: 0.000028 seconds.
  path: Assets/TileMap/dark_forest-removebg-preview_57.asset
  artifactKey: Guid(d36f4353eba236e48b9db4b578d99715) Importer(815301076,1909f56bfc062723c751e8b465ee728b)
Start importing Assets/TileMap/dark_forest-removebg-preview_57.asset using Guid(d36f4353eba236e48b9db4b578d99715) Importer(815301076,1909f56bfc062723c751e8b465ee728b)  -> (artifact id: 'a39061d129888330832289cec25c2b4f') in 0.005477 seconds 
========================================================================
Received Import Request.
  Time since last request: 0.000021 seconds.
  path: Assets/TileMap/dark_forest-removebg-preview_58.asset
  artifactKey: Guid(cd549f053dbf99c4ab48f17f0f2e2552) Importer(815301076,1909f56bfc062723c751e8b465ee728b)
Start importing Assets/TileMap/dark_forest-removebg-preview_58.asset using Guid(cd549f053dbf99c4ab48f17f0f2e2552) Importer(815301076,1909f56bfc062723c751e8b465ee728b)  -> (artifact id: '6e5e220ba68c67678644df7966974db8') in 0.005204 seconds 
========================================================================
Received Import Request.
  Time since last request: 0.000023 seconds.
  path: Assets/TileMap/dark_forest-removebg-preview_33.asset
  artifactKey: Guid(e1c98ad5ad364874db0eb5095ca380a6) Importer(815301076,1909f56bfc062723c751e8b465ee728b)
Start importing Assets/TileMap/dark_forest-removebg-preview_33.asset using Guid(e1c98ad5ad364874db0eb5095ca380a6) Importer(815301076,1909f56bfc062723c751e8b465ee728b)  -> (artifact id: 'a40d6e65fe90a4ad16701a5d8ca11a22') in 0.005253 seconds 
========================================================================
Received Import Request.
  Time since last request: 0.000021 seconds.
  path: Assets/TileMap/dark_forest-removebg-preview_27.asset
  artifactKey: Guid(858daa5ebce9750469f7771828a083ac) Importer(815301076,1909f56bfc062723c751e8b465ee728b)
Start importing Assets/TileMap/dark_forest-removebg-preview_27.asset using Guid(858daa5ebce9750469f7771828a083ac) Importer(815301076,1909f56bfc062723c751e8b465ee728b)  -> (artifact id: '475ca54b797883ae703e37cfa9dddb64') in 0.005866 seconds 
========================================================================
Received Import Request.
  Time since last request: 0.000033 seconds.
  path: Assets/TileMap/dark_forest-removebg-preview_62.asset
  artifactKey: Guid(1f06063162b1a62478faa5e747c59eb0) Importer(815301076,1909f56bfc062723c751e8b465ee728b)
Start importing Assets/TileMap/dark_forest-removebg-preview_62.asset using Guid(1f06063162b1a62478faa5e747c59eb0) Importer(815301076,1909f56bfc062723c751e8b465ee728b)  -> (artifact id: '9de6bba7fc11c63c4f15467d8d74eff7') in 0.005450 seconds 
========================================================================
Received Import Request.
  Time since last request: 0.000022 seconds.
  path: Assets/TileMap/dark_forest-removebg-preview_8.asset
  artifactKey: Guid(bbfaff69b73168348bc8b76a77f8e05e) Importer(815301076,1909f56bfc062723c751e8b465ee728b)
Start importing Assets/TileMap/dark_forest-removebg-preview_8.asset using Guid(bbfaff69b73168348bc8b76a77f8e05e) Importer(815301076,1909f56bfc062723c751e8b465ee728b)  -> (artifact id: '4a9f51a560abc2b407e6253d34d32419') in 0.005961 seconds 
========================================================================
Received Import Request.
  Time since last request: 0.000019 seconds.
  path: Assets/TileMap/dark_forest-removebg-preview_19.asset
  artifactKey: Guid(5e58b4c148abe3b44879b11bf76b1863) Importer(815301076,1909f56bfc062723c751e8b465ee728b)
Start importing Assets/TileMap/dark_forest-removebg-preview_19.asset using Guid(5e58b4c148abe3b44879b11bf76b1863) Importer(815301076,1909f56bfc062723c751e8b465ee728b)  -> (artifact id: '442cbb7094a76cf6ac1554b4fac31b1b') in 0.005472 seconds 
========================================================================
Received Import Request.
  Time since last request: 0.000019 seconds.
  path: Assets/TileMap/dark_forest-removebg-preview_10.asset
  artifactKey: Guid(c986c8972478f024eba58e5a5d977b65) Importer(815301076,1909f56bfc062723c751e8b465ee728b)
Start importing Assets/TileMap/dark_forest-removebg-preview_10.asset using Guid(c986c8972478f024eba58e5a5d977b65) Importer(815301076,1909f56bfc062723c751e8b465ee728b)  -> (artifact id: 'b1d79fbae1cc488c23686fff6d87ff18') in 0.005294 seconds 
========================================================================
Received Import Request.
  Time since last request: 0.000021 seconds.
  path: Assets/TileMap/dark_forest-removebg-preview_61.asset
  artifactKey: Guid(dd15416065e406d4f92a92cb2fdb0a6a) Importer(815301076,1909f56bfc062723c751e8b465ee728b)
Start importing Assets/TileMap/dark_forest-removebg-preview_61.asset using Guid(dd15416065e406d4f92a92cb2fdb0a6a) Importer(815301076,1909f56bfc062723c751e8b465ee728b)  -> (artifact id: '7c30768bd5c9876bb6e163c874e5986d') in 0.005227 seconds 
========================================================================
Received Import Request.
  Time since last request: 0.000017 seconds.
  path: Assets/TileMap/dark_forest-removebg-preview_4.asset
  artifactKey: Guid(0e0dd6ec3db9bc140b4955d45d8a283f) Importer(815301076,1909f56bfc062723c751e8b465ee728b)
Start importing Assets/TileMap/dark_forest-removebg-preview_4.asset using Guid(0e0dd6ec3db9bc140b4955d45d8a283f) Importer(815301076,1909f56bfc062723c751e8b465ee728b)  -> (artifact id: '977f4905840cdac7d383a251a045c865') in 0.004975 seconds 
========================================================================
Received Import Request.
  Time since last request: 0.000019 seconds.
  path: Assets/TileMap/dark_forest-removebg-preview_26.asset
  artifactKey: Guid(f26aebb40e290d44089096cf002972eb) Importer(815301076,1909f56bfc062723c751e8b465ee728b)
Start importing Assets/TileMap/dark_forest-removebg-preview_26.asset using Guid(f26aebb40e290d44089096cf002972eb) Importer(815301076,1909f56bfc062723c751e8b465ee728b)  -> (artifact id: 'fa0d726f6479f4da75693bcf7aabb39b') in 0.006441 seconds 
========================================================================
Received Import Request.
  Time since last request: 0.000024 seconds.
  path: Assets/TileMap/dark_forest-removebg-preview_55.asset
  artifactKey: Guid(02bc642aa222dbc4e9d50f924af6052d) Importer(815301076,1909f56bfc062723c751e8b465ee728b)
Start importing Assets/TileMap/dark_forest-removebg-preview_55.asset using Guid(02bc642aa222dbc4e9d50f924af6052d) Importer(815301076,1909f56bfc062723c751e8b465ee728b)  -> (artifact id: '06119b47fb9a71e28a433b2d27194f17') in 0.005182 seconds 
========================================================================
Received Import Request.
  Time since last request: 0.000021 seconds.
  path: Assets/TileMap/dark_forest-removebg-preview_12.asset
  artifactKey: Guid(1909404f4b1c5264db448e171915ac02) Importer(815301076,1909f56bfc062723c751e8b465ee728b)
Start importing Assets/TileMap/dark_forest-removebg-preview_12.asset using Guid(1909404f4b1c5264db448e171915ac02) Importer(815301076,1909f56bfc062723c751e8b465ee728b)  -> (artifact id: 'aa36ddef5ba537e16c843e9f7c05179f') in 0.005330 seconds 
========================================================================
Received Import Request.
  Time since last request: 0.000029 seconds.
  path: Assets/TileMap/dark_forest-removebg-preview_60.asset
  artifactKey: Guid(a04d2ca623200fe49bdcf732b0ad4781) Importer(815301076,1909f56bfc062723c751e8b465ee728b)
Start importing Assets/TileMap/dark_forest-removebg-preview_60.asset using Guid(a04d2ca623200fe49bdcf732b0ad4781) Importer(815301076,1909f56bfc062723c751e8b465ee728b)  -> (artifact id: '215ec85059d36ae3df8b2aea24ebc310') in 0.005277 seconds 
========================================================================
Received Import Request.
  Time since last request: 0.000020 seconds.
  path: Assets/TileMap/dark_forest-removebg-preview_20.asset
  artifactKey: Guid(fecff09f857251640a13399136b41877) Importer(815301076,1909f56bfc062723c751e8b465ee728b)
Start importing Assets/TileMap/dark_forest-removebg-preview_20.asset using Guid(fecff09f857251640a13399136b41877) Importer(815301076,1909f56bfc062723c751e8b465ee728b)  -> (artifact id: 'b33fd2f75dda04f2716e273235a375db') in 0.005744 seconds 
========================================================================
Received Import Request.
  Time since last request: 0.000016 seconds.
  path: Assets/TileMap/dark_forest-removebg-preview_25.asset
  artifactKey: Guid(49947c6c15078ed4081e678d982dbcfa) Importer(815301076,1909f56bfc062723c751e8b465ee728b)
Start importing Assets/TileMap/dark_forest-removebg-preview_25.asset using Guid(49947c6c15078ed4081e678d982dbcfa) Importer(815301076,1909f56bfc062723c751e8b465ee728b)  -> (artifact id: 'b17fbf613eec17fcd16d6f9e2a942c9b') in 0.006178 seconds 
========================================================================
Received Import Request.
  Time since last request: 0.000019 seconds.
  path: Assets/TileMap/dark_forest-removebg-preview_23.asset
  artifactKey: Guid(535161e4c9953624da5f3f1b760b6667) Importer(815301076,1909f56bfc062723c751e8b465ee728b)
Start importing Assets/TileMap/dark_forest-removebg-preview_23.asset using Guid(535161e4c9953624da5f3f1b760b6667) Importer(815301076,1909f56bfc062723c751e8b465ee728b)  -> (artifact id: '1a797385aa9d678ddc56a1d11e0cbfcd') in 0.005622 seconds 
========================================================================
Received Import Request.
  Time since last request: 0.000019 seconds.
  path: Assets/TileMap/dark_forest-removebg-preview_48.asset
  artifactKey: Guid(53b99dffe9f9d1e49bc9892f66d23a40) Importer(815301076,1909f56bfc062723c751e8b465ee728b)
Start importing Assets/TileMap/dark_forest-removebg-preview_48.asset using Guid(53b99dffe9f9d1e49bc9892f66d23a40) Importer(815301076,1909f56bfc062723c751e8b465ee728b)  -> (artifact id: '6f299dfcdecb52b69b7d370bf0ec0b8b') in 0.005272 seconds 
========================================================================
Received Import Request.
  Time since last request: 0.000021 seconds.
  path: Assets/TileMap/dark_forest-removebg-preview_63.asset
  artifactKey: Guid(8ff05730be5289f4993337eb918ba243) Importer(815301076,1909f56bfc062723c751e8b465ee728b)
Start importing Assets/TileMap/dark_forest-removebg-preview_63.asset using Guid(8ff05730be5289f4993337eb918ba243) Importer(815301076,1909f56bfc062723c751e8b465ee728b)  -> (artifact id: '9f90f84db96605beff4cd0d1d0576889') in 0.010674 seconds 
========================================================================
Received Import Request.
  Time since last request: 0.000055 seconds.
  path: Assets/TileMap/dark_forest-removebg-preview_6.asset
  artifactKey: Guid(de13ec46473d20f46b610bc28fbab5ab) Importer(815301076,1909f56bfc062723c751e8b465ee728b)
Start importing Assets/TileMap/dark_forest-removebg-preview_6.asset using Guid(de13ec46473d20f46b610bc28fbab5ab) Importer(815301076,1909f56bfc062723c751e8b465ee728b)  -> (artifact id: 'ae5cef6da6ad724156ff2fdf2bb45751') in 0.010954 seconds 
========================================================================
Received Import Request.
  Time since last request: 0.000036 seconds.
  path: Assets/TileMap/dark_forest-removebg-preview_16.asset
  artifactKey: Guid(fe339359d85c62646b589029074fd442) Importer(815301076,1909f56bfc062723c751e8b465ee728b)
Start importing Assets/TileMap/dark_forest-removebg-preview_16.asset using Guid(fe339359d85c62646b589029074fd442) Importer(815301076,1909f56bfc062723c751e8b465ee728b)  -> (artifact id: '0c6f2da8858faf959eb7aa9c4d67bf8d') in 0.010610 seconds 
========================================================================
Received Import Request.
  Time since last request: 0.000017 seconds.
  path: Assets/TileMap/dark_forest-removebg-preview_15.asset
  artifactKey: Guid(4c52def488f33144cbae3342ebf1b560) Importer(815301076,1909f56bfc062723c751e8b465ee728b)
Start importing Assets/TileMap/dark_forest-removebg-preview_15.asset using Guid(4c52def488f33144cbae3342ebf1b560) Importer(815301076,1909f56bfc062723c751e8b465ee728b)  -> (artifact id: 'c3a6d9b431b9c6ce6972ea71669de717') in 0.007502 seconds 
========================================================================
Received Import Request.
  Time since last request: 0.000041 seconds.
  path: Assets/TileMap/dark_forest-removebg-preview_11.asset
  artifactKey: Guid(6897ab7a25a501b43a822454f684082b) Importer(815301076,1909f56bfc062723c751e8b465ee728b)
Start importing Assets/TileMap/dark_forest-removebg-preview_11.asset using Guid(6897ab7a25a501b43a822454f684082b) Importer(815301076,1909f56bfc062723c751e8b465ee728b)  -> (artifact id: 'c54b113a92ce5487766eb428c41064c6') in 0.006576 seconds 
========================================================================
Received Import Request.
  Time since last request: 0.000024 seconds.
  path: Assets/TileMap/dark_forest-removebg-preview_35.asset
  artifactKey: Guid(6b46665f795bf3b40b6464c253d61841) Importer(815301076,1909f56bfc062723c751e8b465ee728b)
Start importing Assets/TileMap/dark_forest-removebg-preview_35.asset using Guid(6b46665f795bf3b40b6464c253d61841) Importer(815301076,1909f56bfc062723c751e8b465ee728b)  -> (artifact id: 'cbef72d6de270bde567aced14efc350c') in 0.005815 seconds 
========================================================================
Received Import Request.
  Time since last request: 0.000018 seconds.
  path: Assets/TileMap/dark_forest-removebg-preview_52.asset
  artifactKey: Guid(ee0357a9739c5664e9e91977a4cfac78) Importer(815301076,1909f56bfc062723c751e8b465ee728b)
Start importing Assets/TileMap/dark_forest-removebg-preview_52.asset using Guid(ee0357a9739c5664e9e91977a4cfac78) Importer(815301076,1909f56bfc062723c751e8b465ee728b)  -> (artifact id: 'a33b8f62c3ad538391dde06e06f43de5') in 0.005915 seconds 
========================================================================
Received Import Request.
  Time since last request: 0.000022 seconds.
  path: Assets/TileMap/dark_forest-removebg-preview_14.asset
  artifactKey: Guid(d1c1a5fc7af4d3c46a446830e82aec0c) Importer(815301076,1909f56bfc062723c751e8b465ee728b)
Start importing Assets/TileMap/dark_forest-removebg-preview_14.asset using Guid(d1c1a5fc7af4d3c46a446830e82aec0c) Importer(815301076,1909f56bfc062723c751e8b465ee728b)  -> (artifact id: '7f8a080963b415c3a41b63e85a28e056') in 0.005526 seconds 
========================================================================
Received Import Request.
  Time since last request: 0.000022 seconds.
  path: Assets/TileMap/dark_forest-removebg-preview_28.asset
  artifactKey: Guid(4bfd52f21d524b14f8cc24a38b946eb1) Importer(815301076,1909f56bfc062723c751e8b465ee728b)
Start importing Assets/TileMap/dark_forest-removebg-preview_28.asset using Guid(4bfd52f21d524b14f8cc24a38b946eb1) Importer(815301076,1909f56bfc062723c751e8b465ee728b)  -> (artifact id: 'cd3d74583db71d8261cdb1acf4e93f43') in 0.006469 seconds 
========================================================================
Received Import Request.
  Time since last request: 0.000019 seconds.
  path: Assets/TileMap/dark_forest-removebg-preview_34.asset
  artifactKey: Guid(6860449138650f84985967375e49c584) Importer(815301076,1909f56bfc062723c751e8b465ee728b)
Start importing Assets/TileMap/dark_forest-removebg-preview_34.asset using Guid(6860449138650f84985967375e49c584) Importer(815301076,1909f56bfc062723c751e8b465ee728b)  -> (artifact id: '493dcb3a6eb3982fd9dc9a9c586fb179') in 0.005862 seconds 
========================================================================
Received Import Request.
  Time since last request: 0.000020 seconds.
  path: Assets/TileMap/dark_forest-removebg-preview_53.asset
  artifactKey: Guid(158aa28c2451ee84d864ef5e1e964642) Importer(815301076,1909f56bfc062723c751e8b465ee728b)
Start importing Assets/TileMap/dark_forest-removebg-preview_53.asset using Guid(158aa28c2451ee84d864ef5e1e964642) Importer(815301076,1909f56bfc062723c751e8b465ee728b)  -> (artifact id: 'd76a435e1e936fde1ea949cac518fbbb') in 0.005499 seconds 
========================================================================
Received Import Request.
  Time since last request: 0.000021 seconds.
  path: Assets/TileMap/dark_forest-removebg-preview_49.asset
  artifactKey: Guid(2c647d9cbab8f92489b7549d3683d0d0) Importer(815301076,1909f56bfc062723c751e8b465ee728b)
Start importing Assets/TileMap/dark_forest-removebg-preview_49.asset using Guid(2c647d9cbab8f92489b7549d3683d0d0) Importer(815301076,1909f56bfc062723c751e8b465ee728b)  -> (artifact id: '987cd1aacf3752912c552e178ace8126') in 0.006668 seconds 
========================================================================
Received Import Request.
  Time since last request: 0.000021 seconds.
  path: Assets/TileMap/dark_forest-removebg-preview_31.asset
  artifactKey: Guid(508e76b34bba6c747aeb9ec3fd4854bb) Importer(815301076,1909f56bfc062723c751e8b465ee728b)
Start importing Assets/TileMap/dark_forest-removebg-preview_31.asset using Guid(508e76b34bba6c747aeb9ec3fd4854bb) Importer(815301076,1909f56bfc062723c751e8b465ee728b)  -> (artifact id: '6bedd55c44bed588960026185e344481') in 0.006876 seconds 
========================================================================
Received Import Request.
  Time since last request: 0.000024 seconds.
  path: Assets/TileMap/dark_forest-removebg-preview_5.asset
  artifactKey: Guid(51c750a25cb238f4193e7b537178ad4d) Importer(815301076,1909f56bfc062723c751e8b465ee728b)
Start importing Assets/TileMap/dark_forest-removebg-preview_5.asset using Guid(51c750a25cb238f4193e7b537178ad4d) Importer(815301076,1909f56bfc062723c751e8b465ee728b)  -> (artifact id: '66dbc196bb698ee4f0e7a1277fd77590') in 0.005280 seconds 
========================================================================
Received Import Request.
  Time since last request: 0.000019 seconds.
  path: Assets/TileMap/dark_forest-removebg-preview_42.asset
  artifactKey: Guid(77c7544f5f489f346a8e2ca57ae2a750) Importer(815301076,1909f56bfc062723c751e8b465ee728b)
Start importing Assets/TileMap/dark_forest-removebg-preview_42.asset using Guid(77c7544f5f489f346a8e2ca57ae2a750) Importer(815301076,1909f56bfc062723c751e8b465ee728b)  -> (artifact id: 'ff4ff5e6d0e21fb06087f42c27289376') in 0.005139 seconds 
========================================================================
Received Import Request.
  Time since last request: 0.000019 seconds.
  path: Assets/TileMap/dark_forest-removebg-preview_9.asset
  artifactKey: Guid(b9e88bcff706d6640a7d829fac4290ae) Importer(815301076,1909f56bfc062723c751e8b465ee728b)
Start importing Assets/TileMap/dark_forest-removebg-preview_9.asset using Guid(b9e88bcff706d6640a7d829fac4290ae) Importer(815301076,1909f56bfc062723c751e8b465ee728b)  -> (artifact id: '3d483eb9d634c598eda505c9ffcf0ac7') in 0.006439 seconds 
========================================================================
Received Import Request.
  Time since last request: 0.000021 seconds.
  path: Assets/TileMap/dark_forest-removebg-preview_45.asset
  artifactKey: Guid(27f467233f7ac554e8f918b20045035c) Importer(815301076,1909f56bfc062723c751e8b465ee728b)
Start importing Assets/TileMap/dark_forest-removebg-preview_45.asset using Guid(27f467233f7ac554e8f918b20045035c) Importer(815301076,1909f56bfc062723c751e8b465ee728b)  -> (artifact id: '1a545fdd0c3707b83f906adb70c3a2db') in 0.006511 seconds 
========================================================================
Received Import Request.
  Time since last request: 0.000019 seconds.
  path: Assets/TileMap/dark_forest-removebg-preview_30.asset
  artifactKey: Guid(0eae1a7fed861a344832eafbd4f67631) Importer(815301076,1909f56bfc062723c751e8b465ee728b)
Start importing Assets/TileMap/dark_forest-removebg-preview_30.asset using Guid(0eae1a7fed861a344832eafbd4f67631) Importer(815301076,1909f56bfc062723c751e8b465ee728b)  -> (artifact id: '083a6103e226797b62239385a95b651c') in 0.006176 seconds 
========================================================================
Received Import Request.
  Time since last request: 0.000019 seconds.
  path: Assets/TileMap/dark_forest-removebg-preview_47.asset
  artifactKey: Guid(ee69ed219d143614d9cd1e5475bf3bef) Importer(815301076,1909f56bfc062723c751e8b465ee728b)
Start importing Assets/TileMap/dark_forest-removebg-preview_47.asset using Guid(ee69ed219d143614d9cd1e5475bf3bef) Importer(815301076,1909f56bfc062723c751e8b465ee728b)  -> (artifact id: 'df74e3a0096e40401b4fac9b12dd1398') in 0.005666 seconds 
========================================================================
Received Import Request.
  Time since last request: 0.000021 seconds.
  path: Assets/TileMap/dark_forest-removebg-preview_64.asset
  artifactKey: Guid(afa882a45c08b1641ac69c5de3dcc658) Importer(815301076,1909f56bfc062723c751e8b465ee728b)
Start importing Assets/TileMap/dark_forest-removebg-preview_64.asset using Guid(afa882a45c08b1641ac69c5de3dcc658) Importer(815301076,1909f56bfc062723c751e8b465ee728b)  -> (artifact id: '661e64b5b3fd485bb17122c44d5212c9') in 0.005991 seconds 
========================================================================
Received Import Request.
  Time since last request: 0.000017 seconds.
  path: Assets/TileMap/dark_forest-removebg-preview_39.asset
  artifactKey: Guid(7f85edd769628084eab029d7d0fa52ed) Importer(815301076,1909f56bfc062723c751e8b465ee728b)
Start importing Assets/TileMap/dark_forest-removebg-preview_39.asset using Guid(7f85edd769628084eab029d7d0fa52ed) Importer(815301076,1909f56bfc062723c751e8b465ee728b)  -> (artifact id: 'e2d747ea4471c402e5503ab6ecf97c78') in 0.005184 seconds 
========================================================================
Received Import Request.
  Time since last request: 0.000020 seconds.
  path: Assets/TileMap/dark_forest-removebg-preview_3.asset
  artifactKey: Guid(dc6d59104e0151447b1f80ac4adebb93) Importer(815301076,1909f56bfc062723c751e8b465ee728b)
Start importing Assets/TileMap/dark_forest-removebg-preview_3.asset using Guid(dc6d59104e0151447b1f80ac4adebb93) Importer(815301076,1909f56bfc062723c751e8b465ee728b)  -> (artifact id: '33f43e5d32c4e522222f5a36b5c251a3') in 0.005927 seconds 
========================================================================
Received Import Request.
  Time since last request: 0.000021 seconds.
  path: Assets/TileMap/dark_forest-removebg-preview_50.asset
  artifactKey: Guid(38b5491f94a61f74f94bd8a3e2b1b379) Importer(815301076,1909f56bfc062723c751e8b465ee728b)
Start importing Assets/TileMap/dark_forest-removebg-preview_50.asset using Guid(38b5491f94a61f74f94bd8a3e2b1b379) Importer(815301076,1909f56bfc062723c751e8b465ee728b)  -> (artifact id: 'a14bf219c2d40bdcc68cc624c502ef9a') in 0.005294 seconds 
========================================================================
Received Import Request.
  Time since last request: 0.000022 seconds.
  path: Assets/TileMap/dark_forest-removebg-preview_13.asset
  artifactKey: Guid(a2861df512a4ec145ac282fe81b5f296) Importer(815301076,1909f56bfc062723c751e8b465ee728b)
Start importing Assets/TileMap/dark_forest-removebg-preview_13.asset using Guid(a2861df512a4ec145ac282fe81b5f296) Importer(815301076,1909f56bfc062723c751e8b465ee728b)  -> (artifact id: '26952310323bca7673f76deef80e88ae') in 0.006400 seconds 
========================================================================
Received Import Request.
  Time since last request: 0.000039 seconds.
  path: Assets/TileMap/dark_forest-removebg-preview_51.asset
  artifactKey: Guid(c7d79d19a06b61a42813ccc38bda84d2) Importer(815301076,1909f56bfc062723c751e8b465ee728b)
Start importing Assets/TileMap/dark_forest-removebg-preview_51.asset using Guid(c7d79d19a06b61a42813ccc38bda84d2) Importer(815301076,1909f56bfc062723c751e8b465ee728b)  -> (artifact id: '367f9cefd5aad19e939403732227325c') in 0.005503 seconds 
========================================================================
Received Import Request.
  Time since last request: 0.000019 seconds.
  path: Assets/TileMap/dark_forest-removebg-preview_1.asset
  artifactKey: Guid(cd2015048d216cc44bcf75d5286dc694) Importer(815301076,1909f56bfc062723c751e8b465ee728b)
Start importing Assets/TileMap/dark_forest-removebg-preview_1.asset using Guid(cd2015048d216cc44bcf75d5286dc694) Importer(815301076,1909f56bfc062723c751e8b465ee728b)  -> (artifact id: '68188ab3cb0bf9f72ca995cce34ad86c') in 0.005615 seconds 
========================================================================
Received Import Request.
  Time since last request: 0.000018 seconds.
  path: Assets/TileMap/dark_forest-removebg-preview_54.asset
  artifactKey: Guid(ddb8a8bfd8d45a8419881fadb5a422e7) Importer(815301076,1909f56bfc062723c751e8b465ee728b)
Start importing Assets/TileMap/dark_forest-removebg-preview_54.asset using Guid(ddb8a8bfd8d45a8419881fadb5a422e7) Importer(815301076,1909f56bfc062723c751e8b465ee728b)  -> (artifact id: 'd7e6256065fe34ea7399706876c0846f') in 0.005508 seconds 
========================================================================
Received Import Request.
  Time since last request: 0.000030 seconds.
  path: Assets/TileMap/dark_forest-removebg-preview_40.asset
  artifactKey: Guid(fe6c616ff948dc3408386a0baaa27c36) Importer(815301076,1909f56bfc062723c751e8b465ee728b)
Start importing Assets/TileMap/dark_forest-removebg-preview_40.asset using Guid(fe6c616ff948dc3408386a0baaa27c36) Importer(815301076,1909f56bfc062723c751e8b465ee728b)  -> (artifact id: 'bafa6b367122674c64dc37be82541614') in 0.005643 seconds 
========================================================================
Received Import Request.
  Time since last request: 0.000017 seconds.
  path: Assets/TileMap/dark_forest-removebg-preview_32.asset
  artifactKey: Guid(2d6d234165fd58a498850841ab6865d1) Importer(815301076,1909f56bfc062723c751e8b465ee728b)
Start importing Assets/TileMap/dark_forest-removebg-preview_32.asset using Guid(2d6d234165fd58a498850841ab6865d1) Importer(815301076,1909f56bfc062723c751e8b465ee728b)  -> (artifact id: 'bcbc6c2d89c2c93b984879c2330d90e5') in 0.005568 seconds 
========================================================================
Received Import Request.
  Time since last request: 0.000019 seconds.
  path: Assets/TileMap/dark_forest-removebg-preview_44.asset
  artifactKey: Guid(83013adac480d894eb30a03672728d44) Importer(815301076,1909f56bfc062723c751e8b465ee728b)
Start importing Assets/TileMap/dark_forest-removebg-preview_44.asset using Guid(83013adac480d894eb30a03672728d44) Importer(815301076,1909f56bfc062723c751e8b465ee728b)  -> (artifact id: '1494f6c672f4630249ff346f59e15995') in 0.005339 seconds 
========================================================================
Received Import Request.
  Time since last request: 0.000023 seconds.
  path: Assets/TileMap/dark_forest-removebg-preview_46.asset
  artifactKey: Guid(a0c304b64acdad443a012e267499ebe4) Importer(815301076,1909f56bfc062723c751e8b465ee728b)
Start importing Assets/TileMap/dark_forest-removebg-preview_46.asset using Guid(a0c304b64acdad443a012e267499ebe4) Importer(815301076,1909f56bfc062723c751e8b465ee728b)  -> (artifact id: '629de616e3ce019bde9dc14f2a0acd66') in 0.006517 seconds 
========================================================================
Received Import Request.
  Time since last request: 0.000019 seconds.
  path: Assets/TileMap/dark_forest-removebg-preview_37.asset
  artifactKey: Guid(1ada9b43d47dc5d42a550b8be59ebcb4) Importer(815301076,1909f56bfc062723c751e8b465ee728b)
Start importing Assets/TileMap/dark_forest-removebg-preview_37.asset using Guid(1ada9b43d47dc5d42a550b8be59ebcb4) Importer(815301076,1909f56bfc062723c751e8b465ee728b)  -> (artifact id: '9b9debb35eca6c9c765c85c6c3c0cea8') in 0.019033 seconds 
========================================================================
Received Import Request.
  Time since last request: 0.000031 seconds.
  path: Assets/TileMap/dark_forest-removebg-preview_17.asset
  artifactKey: Guid(9690ec1545b0a88459508df69e492928) Importer(815301076,1909f56bfc062723c751e8b465ee728b)
Start importing Assets/TileMap/dark_forest-removebg-preview_17.asset using Guid(9690ec1545b0a88459508df69e492928) Importer(815301076,1909f56bfc062723c751e8b465ee728b)  -> (artifact id: 'b1c5a187740c3adfd4bb6fcd4ff0015a') in 0.006350 seconds 
========================================================================
Received Import Request.
  Time since last request: 0.000021 seconds.
  path: Assets/TileMap/dark_forest-removebg-preview_29.asset
  artifactKey: Guid(da936d5dbca1eb2459cf5d4a640fe58d) Importer(815301076,1909f56bfc062723c751e8b465ee728b)
Start importing Assets/TileMap/dark_forest-removebg-preview_29.asset using Guid(da936d5dbca1eb2459cf5d4a640fe58d) Importer(815301076,1909f56bfc062723c751e8b465ee728b)  -> (artifact id: 'bb1e5ce96b44fe89fb6d23528a84192e') in 0.006501 seconds 
========================================================================
Received Import Request.
  Time since last request: 0.000017 seconds.
  path: Assets/TileMap/dark_forest-removebg-preview_59.asset
  artifactKey: Guid(3906e4f689eb94542b1e062197953f4a) Importer(815301076,1909f56bfc062723c751e8b465ee728b)
Start importing Assets/TileMap/dark_forest-removebg-preview_59.asset using Guid(3906e4f689eb94542b1e062197953f4a) Importer(815301076,1909f56bfc062723c751e8b465ee728b)  -> (artifact id: '5fe04f6f8e864a9fcb839fd727d3d36c') in 0.005682 seconds 
========================================================================
Received Import Request.
  Time since last request: 0.000026 seconds.
  path: Assets/TileMap/dark_forest-removebg-preview_22.asset
  artifactKey: Guid(6a8e9a27a4ce25041a7221ddee017772) Importer(815301076,1909f56bfc062723c751e8b465ee728b)
Start importing Assets/TileMap/dark_forest-removebg-preview_22.asset using Guid(6a8e9a27a4ce25041a7221ddee017772) Importer(815301076,1909f56bfc062723c751e8b465ee728b)  -> (artifact id: '8e4f31adf9cfebff157a0c1731899fb6') in 0.006438 seconds 
========================================================================
Received Import Request.
  Time since last request: 0.000032 seconds.
  path: Assets/TileMap/dark_forest-removebg-preview_41.asset
  artifactKey: Guid(a806bd9ebb245674f88c9a157ff99329) Importer(815301076,1909f56bfc062723c751e8b465ee728b)
Start importing Assets/TileMap/dark_forest-removebg-preview_41.asset using Guid(a806bd9ebb245674f88c9a157ff99329) Importer(815301076,1909f56bfc062723c751e8b465ee728b)  -> (artifact id: '2562e5cfdce907dc25c62e21e578d506') in 0.005790 seconds 
========================================================================
Received Import Request.
  Time since last request: 0.000017 seconds.
  path: Assets/TileMap/dark_forest-removebg-preview_43.asset
  artifactKey: Guid(9e18f5741b6b4b746a5ad3ebb8500b51) Importer(815301076,1909f56bfc062723c751e8b465ee728b)
Start importing Assets/TileMap/dark_forest-removebg-preview_43.asset using Guid(9e18f5741b6b4b746a5ad3ebb8500b51) Importer(815301076,1909f56bfc062723c751e8b465ee728b)  -> (artifact id: '8624ac1f435853db4a7fc22838378eb7') in 0.006134 seconds 
========================================================================
Received Import Request.
  Time since last request: 0.000034 seconds.
  path: Assets/TileMap/dark_forest-removebg-preview_56.asset
  artifactKey: Guid(3b9041d63cc009c4897cb4c85206e4c3) Importer(815301076,1909f56bfc062723c751e8b465ee728b)
Start importing Assets/TileMap/dark_forest-removebg-preview_56.asset using Guid(3b9041d63cc009c4897cb4c85206e4c3) Importer(815301076,1909f56bfc062723c751e8b465ee728b)  -> (artifact id: 'b80c784ad40c4878c226e231f23c50b3') in 0.005879 seconds 
========================================================================
Received Import Request.
  Time since last request: 0.000017 seconds.
  path: Assets/TileMap/dark_forest-removebg-preview_21.asset
  artifactKey: Guid(3df52948f637045469c419f600607681) Importer(815301076,1909f56bfc062723c751e8b465ee728b)
Start importing Assets/TileMap/dark_forest-removebg-preview_21.asset using Guid(3df52948f637045469c419f600607681) Importer(815301076,1909f56bfc062723c751e8b465ee728b)  -> (artifact id: '8df37ede9c39d1c914a8c9af4b2fc5da') in 0.006431 seconds 
========================================================================
Received Import Request.
  Time since last request: 0.000022 seconds.
  path: Assets/TileMap/dark_forest-removebg-preview_24.asset
  artifactKey: Guid(53bd97fdede17fb428742232677a8b16) Importer(815301076,1909f56bfc062723c751e8b465ee728b)
Start importing Assets/TileMap/dark_forest-removebg-preview_24.asset using Guid(53bd97fdede17fb428742232677a8b16) Importer(815301076,1909f56bfc062723c751e8b465ee728b)  -> (artifact id: 'd3d00fdbc20f25bfe9693bc58e0c2e57') in 0.005775 seconds 
========================================================================
Received Import Request.
  Time since last request: 0.000017 seconds.
  path: Assets/TileMap/dark_forest-removebg-preview_38.asset
  artifactKey: Guid(f64d5371646944748b65fd9773b48f00) Importer(815301076,1909f56bfc062723c751e8b465ee728b)
Start importing Assets/TileMap/dark_forest-removebg-preview_38.asset using Guid(f64d5371646944748b65fd9773b48f00) Importer(815301076,1909f56bfc062723c751e8b465ee728b)  -> (artifact id: 'c3cb38a35144fe41ffe12e712798a83c') in 0.005450 seconds 
========================================================================
Received Import Request.
  Time since last request: 0.000018 seconds.
  path: Assets/TileMap/dark_forest-removebg-preview_36.asset
  artifactKey: Guid(42b39ec7cfe6b1d469801788c0b4271d) Importer(815301076,1909f56bfc062723c751e8b465ee728b)
Start importing Assets/TileMap/dark_forest-removebg-preview_36.asset using Guid(42b39ec7cfe6b1d469801788c0b4271d) Importer(815301076,1909f56bfc062723c751e8b465ee728b)  -> (artifact id: '9c02c439dc93bd9fe16c14fbddf675db') in 0.005754 seconds 
========================================================================
Received Import Request.
  Time since last request: 0.000016 seconds.
  path: Assets/TileMap/dark_forest-removebg-preview_7.asset
  artifactKey: Guid(8de5323ef45ba144eb7550bf3ab69698) Importer(815301076,1909f56bfc062723c751e8b465ee728b)
Start importing Assets/TileMap/dark_forest-removebg-preview_7.asset using Guid(8de5323ef45ba144eb7550bf3ab69698) Importer(815301076,1909f56bfc062723c751e8b465ee728b)  -> (artifact id: 'dd2c47c5883e4d000775f6977ad67628') in 0.006019 seconds 
========================================================================
Received Import Request.
  Time since last request: 6.954717 seconds.
  path: Assets/Scenes/Forest.unity
  artifactKey: Guid(67033ada39d745d4894af40c76faa008) Importer(815301076,1909f56bfc062723c751e8b465ee728b)
Start importing Assets/Scenes/Forest.unity using Guid(67033ada39d745d4894af40c76faa008) Importer(815301076,1909f56bfc062723c751e8b465ee728b)  -> (artifact id: '76fb796f55643a9754541f7823a926f1') in 0.002105 seconds 
